<?xml version="1.0" encoding="UTF-8"?>
<!-- Generated by org.testng.reporters.JUnitReportReporter -->
<testsuite hostname="Itexicos-MacBook-Pro.local" failures="0" tests="1" name="GMGOfficialSite.Maven.TopicsOfInterest" time="21.567" errors="0" timestamp="2021-05-19T14:55:22 CDT" skipped="0">
  <testcase classname="GMGOfficialSite.Maven.TopicsOfInterest" name="addInterest" time="21.567"/>
  <system-out/>
</testsuite> <!-- GMGOfficialSite.Maven.TopicsOfInterest -->
