<?xml version="1.0" encoding="UTF-8"?>
<!-- Generated by org.testng.reporters.JUnitReportReporter -->
<testsuite hostname="Itexicos-MacBook-Pro.local" failures="0" tests="2" name="GMGOfficialSite.Maven.LoginTest" time="9.859" errors="0" timestamp="2021-04-30T12:39:10 CDT" skipped="0">
  <testcase classname="GMGOfficialSite.Maven.LoginTest" name="loginSussecfull" time="5.797"/>
  <system-out/>
  <testcase classname="GMGOfficialSite.Maven.LoginTest" name="loginFailed" time="4.062"/>
  <system-out/>
</testsuite> <!-- GMGOfficialSite.Maven.LoginTest -->
