<?xml version="1.0" encoding="UTF-8"?>
<!-- Generated by org.testng.reporters.JUnitReportReporter -->
<testsuite hostname="Itexicos-MacBook-Pro.local" failures="0" tests="1" name="GMGOfficialSite.Maven.AppTest" time="0.002" errors="0" timestamp="2021-04-27T08:14:08 CDT" skipped="0">
  <testcase classname="GMGOfficialSite.Maven.AppTest" name="shouldAnswerWithTrue" time="0.002"/>
  <system-out/>
</testsuite> <!-- GMGOfficialSite.Maven.AppTest -->
