<?xml version="1.0" encoding="UTF-8"?>
<!-- Generated by org.testng.reporters.JUnitReportReporter -->
<testsuite hostname="Itexicos-MacBook-Pro.local" failures="0" tests="1" name="GMGOfficialSite.Maven.TopicTest" time="27.882" errors="0" timestamp="2021-05-21T13:29:28 CDT" skipped="0">
  <testcase classname="GMGOfficialSite.Maven.TopicTest" name="followTopicAccount" time="27.882"/>
  <system-out/>
</testsuite> <!-- GMGOfficialSite.Maven.TopicTest -->
